c:\users\magnovj\documents\visual studio 2015\projects\zombie game\engine\x64\debug\engine.pdb
c:\users\magnovj\documents\visual studio 2015\projects\zombie game\engine\x64\debug\engine.idb
c:\users\magnovj\documents\visual studio 2015\projects\zombie game\engine\x64\debug\camera.obj
c:\users\magnovj\documents\visual studio 2015\projects\zombie game\engine\x64\debug\gameobject.obj
c:\users\magnovj\documents\visual studio 2015\projects\zombie game\engine\x64\debug\textmap.obj
c:\users\magnovj\documents\visual studio 2015\projects\zombie game\engine\x64\debug\resourcemanager.obj
c:\users\magnovj\documents\visual studio 2015\projects\zombie game\engine\x64\debug\engine.obj
c:\users\magnovj\documents\visual studio 2015\projects\zombie game\engine\x64\debug\shader.obj
c:\users\magnovj\documents\visual studio 2015\projects\zombie game\engine\x64\debug\spritebatchrenderer.obj
c:\users\magnovj\documents\visual studio 2015\projects\zombie game\engine\x64\debug\spriterenderer.obj
c:\users\magnovj\documents\visual studio 2015\projects\zombie game\engine\x64\debug\texture2d.obj
c:\users\magnovj\documents\visual studio 2015\projects\zombie game\engine\x64\debug\timehandler.obj
c:\users\magnovj\documents\visual studio 2015\projects\zombie game\engine\x64\debug\spritesheet.obj
c:\users\magnovj\documents\visual studio 2015\projects\zombie game\dependencies\engine\lib\x64\engine.lib
c:\users\magnovj\documents\visual studio 2015\projects\zombie game\dependencies\engine\lib\x64\engine.pdb
c:\users\magnovj\documents\visual studio 2015\projects\zombie game\engine\x64\debug\engine.tlog\cl.command.1.tlog
c:\users\magnovj\documents\visual studio 2015\projects\zombie game\engine\x64\debug\engine.tlog\cl.read.1.tlog
c:\users\magnovj\documents\visual studio 2015\projects\zombie game\engine\x64\debug\engine.tlog\cl.write.1.tlog
c:\users\magnovj\documents\visual studio 2015\projects\zombie game\engine\x64\debug\engine.tlog\lib-link.read.1.tlog
c:\users\magnovj\documents\visual studio 2015\projects\zombie game\engine\x64\debug\engine.tlog\lib-link.write.1.tlog
c:\users\magnovj\documents\visual studio 2015\projects\zombie game\engine\x64\debug\engine.tlog\lib.command.1.tlog
